<component name="libraryTable">
  <library name="junit-4.12">
    <CLASSES>
      <root url="jar://D:/Apps/JetBrains/apps/IDEA-C/ch-0/171.4694.23/lib/junit-4.12.jar!/" />
      <root url="jar://D:/Apps/JetBrains/apps/IDEA-C/ch-0/171.4694.23/lib/hamcrest-core-1.3.jar!/" />
    </CLASSES>
    <JAVADOC />
    <SOURCES />
  </library>
</component>